------------------------------------------------------------------------------------------------------------------------

[2018-01-18 11:37:08 #1 store] 
Database 'D:\desarrollo\workspaces\lolemon\LolemonPersistencia\src\res\db\lolemon.odb' is opened by 10728@DESKTOP-G2MVH2V

[2018-01-18 11:37:08 #2 store] 
Configuration path: ?

[2018-01-18 11:37:08 #3 type] 
Type lolemon.persistencia.modelo.Movimiento is not enhanced.

[2018-01-18 11:37:08 #4 type] 
Type lolemon.persistencia.modelo.Habilidad is not enhanced.

[2018-01-18 11:37:08 #5 type] 
Type lolemon.persistencia.modelo.Personaje is not enhanced.

[2018-01-18 11:37:08 #6 type] 
Type lolemon.persistencia.modelo.Usuario is not enhanced.

------------------------------------------------------------------------------------------------------------------------

[2018-01-18 11:37:42 #1 store] 
Database 'D:\desarrollo\workspaces\lolemon\LolemonPersistencia\src\res\db\lolemon.odb' is opened by 3532@DESKTOP-G2MVH2V

[2018-01-18 11:37:42 #2 store] 
Configuration path: ?

[2018-01-18 11:37:42 #3 type] 
Type lolemon.persistencia.modelo.Movimiento is not enhanced.

[2018-01-18 11:37:42 #4 type] 
Type lolemon.persistencia.modelo.Habilidad is not enhanced.

[2018-01-18 11:37:42 #5 type] 
Type lolemon.persistencia.modelo.Personaje is not enhanced.

[2018-01-18 11:37:42 #6 type] 
Type lolemon.persistencia.modelo.Usuario is not enhanced.

------------------------------------------------------------------------------------------------------------------------

[2018-01-18 12:00:01 #1 store] 
Database 'D:\desarrollo\workspaces\lolemon\LolemonPersistencia\src\res\db\lolemon.odb' is opened by 5840@DESKTOP-G2MVH2V

[2018-01-18 12:00:01 #2 store] 
Configuration path: ?

[2018-01-18 12:00:01 #3 type] 
Type lolemon.persistencia.modelo.Movimiento is not enhanced.

[2018-01-18 12:00:01 #4 type] 
Type lolemon.persistencia.modelo.Habilidad is not enhanced.

[2018-01-18 12:00:01 #5 type] 
Type lolemon.persistencia.modelo.Personaje is not enhanced.

[2018-01-18 12:00:01 #6 type] 
Type lolemon.persistencia.modelo.Usuario is not enhanced.

------------------------------------------------------------------------------------------------------------------------

[2018-01-18 12:00:13 #1 store] 
Database 'D:\desarrollo\workspaces\lolemon\LolemonPersistencia\src\res\db\lolemon.odb' is opened by 9540@DESKTOP-G2MVH2V

[2018-01-18 12:00:13 #2 store] 
Configuration path: ?

[2018-01-18 12:00:13 #3 type] 
Type lolemon.persistencia.modelo.Movimiento is not enhanced.

[2018-01-18 12:00:13 #4 type] 
Type lolemon.persistencia.modelo.Habilidad is not enhanced.

[2018-01-18 12:00:13 #5 type] 
Type lolemon.persistencia.modelo.Personaje is not enhanced.

[2018-01-18 12:00:13 #6 type] 
Type lolemon.persistencia.modelo.Usuario is not enhanced.

------------------------------------------------------------------------------------------------------------------------

[2018-01-18 12:02:47 #1 store] 
Database 'D:\desarrollo\workspaces\lolemon\LolemonPersistencia\src\res\db\lolemon.odb' is opened by 3672@DESKTOP-G2MVH2V

[2018-01-18 12:02:47 #2 store] 
Configuration path: ?

[2018-01-18 12:02:47 #3 type] 
Type lolemon.persistencia.modelo.Movimiento is not enhanced.

[2018-01-18 12:02:47 #4 type] 
Type lolemon.persistencia.modelo.Habilidad is not enhanced.

[2018-01-18 12:02:47 #5 type] 
Type lolemon.persistencia.modelo.Personaje is not enhanced.

[2018-01-18 12:02:47 #6 type] 
Type lolemon.persistencia.modelo.Usuario is not enhanced.

------------------------------------------------------------------------------------------------------------------------

[2018-01-18 12:15:25 #1 store] 
Database 'D:\desarrollo\workspaces\lolemon\LolemonPersistencia\src\res\db\lolemon.odb' is opened by 7408@DESKTOP-G2MVH2V

[2018-01-18 12:15:25 #2 store] 
Configuration path: ?

[2018-01-18 12:15:25 #3 type] 
Type lolemon.persistencia.modelo.Movimiento is not enhanced.

[2018-01-18 12:15:25 #4 type] 
Type lolemon.persistencia.modelo.Habilidad is not enhanced.

[2018-01-18 12:15:25 #5 type] 
Type lolemon.persistencia.modelo.Personaje is not enhanced.

[2018-01-18 12:15:25 #6 type] 
Type lolemon.persistencia.modelo.Usuario is not enhanced.

------------------------------------------------------------------------------------------------------------------------

[2018-01-18 12:15:39 #1 store] 
Database 'D:\desarrollo\workspaces\lolemon\LolemonPersistencia\src\res\db\lolemon.odb' is opened by 520@DESKTOP-G2MVH2V

[2018-01-18 12:15:39 #2 store] 
Configuration path: ?

[2018-01-18 12:15:39 #3 type] 
Type lolemon.persistencia.modelo.Movimiento is not enhanced.

[2018-01-18 12:15:39 #4 type] 
Type lolemon.persistencia.modelo.Habilidad is not enhanced.

[2018-01-18 12:15:39 #5 type] 
Type lolemon.persistencia.modelo.Personaje is not enhanced.

[2018-01-18 12:15:39 #6 type] 
Type lolemon.persistencia.modelo.Usuario is not enhanced.

------------------------------------------------------------------------------------------------------------------------

[2018-01-18 12:58:22 #1 store] 
Database 'D:\desarrollo\workspaces\lolemon\LolemonPersistencia\src\res\db\lolemon.odb' is opened by 9524@DESKTOP-G2MVH2V

[2018-01-18 12:58:22 #2 store] 
Configuration path: ?

[2018-01-18 12:58:22 #3 type] 
Type lolemon.persistencia.modelo.Movimiento is not enhanced.

[2018-01-18 12:58:22 #4 type] 
Type lolemon.persistencia.modelo.Habilidad is not enhanced.

[2018-01-18 12:58:22 #5 type] 
Type lolemon.persistencia.modelo.Personaje is not enhanced.

[2018-01-18 12:58:22 #6 type] 
Type lolemon.persistencia.modelo.Usuario is not enhanced.

------------------------------------------------------------------------------------------------------------------------

[2018-01-18 12:59:00 #1 store] 
Database 'D:\desarrollo\workspaces\lolemon\LolemonPersistencia\src\res\db\lolemon.odb' is opened by 7104@DESKTOP-G2MVH2V

[2018-01-18 12:59:00 #2 store] 
Configuration path: ?

[2018-01-18 12:59:00 #3 type] 
Type lolemon.persistencia.modelo.Movimiento is not enhanced.

[2018-01-18 12:59:00 #4 type] 
Type lolemon.persistencia.modelo.Habilidad is not enhanced.

[2018-01-18 12:59:00 #5 type] 
Type lolemon.persistencia.modelo.Personaje is not enhanced.

[2018-01-18 12:59:00 #6 type] 
Type lolemon.persistencia.modelo.Usuario is not enhanced.

------------------------------------------------------------------------------------------------------------------------

[2018-01-18 12:59:33 #1 store] 
Database 'D:\desarrollo\workspaces\lolemon\LolemonPersistencia\src\res\db\lolemon.odb' is opened by 12732@DESKTOP-G2MVH2V

[2018-01-18 12:59:33 #2 store] 
Configuration path: ?

[2018-01-18 12:59:33 #3 type.registry] 
New type lolemon.persistencia.modelo.Movimiento

[2018-01-18 12:59:33 #4 type.registry] 
New type lolemon.persistencia.modelo.Habilidad

[2018-01-18 12:59:33 #5 type] 
Type lolemon.persistencia.modelo.Movimiento is not enhanced.

[2018-01-18 12:59:33 #6 type] 
Type lolemon.persistencia.modelo.Habilidad is not enhanced.

[2018-01-18 12:59:33 #7 type.registry] 
New type lolemon.persistencia.modelo.Personaje

[2018-01-18 12:59:33 #8 type] 
Type lolemon.persistencia.modelo.Personaje is not enhanced.

[2018-01-18 12:59:33 #9 type.registry] 
New type java.util.ArrayList<lolemon.persistencia.modelo.Habilidad>

[2018-01-18 12:59:33 #10 type.registry] 
New type lolemon.persistencia.modelo.Usuario

[2018-01-18 12:59:33 #11 type] 
Type lolemon.persistencia.modelo.Usuario is not enhanced.

[2018-01-18 12:59:33 #12 type.registry] 
New type java.util.ArrayList<java.lang.Object>

[2018-01-18 12:59:33 #13 type.registry] 
New type java.util.ArrayList<lolemon.persistencia.modelo.Personaje>

------------------------------------------------------------------------------------------------------------------------

[2018-01-18 12:59:37 #1 store] 
Database 'D:\desarrollo\workspaces\lolemon\LolemonPersistencia\src\res\db\lolemon.odb' has been recovered (tr. 1-9)

[2018-01-18 12:59:37 #2 store] 
Database 'D:\desarrollo\workspaces\lolemon\LolemonPersistencia\src\res\db\lolemon.odb' is opened by 13124@DESKTOP-G2MVH2V

[2018-01-18 12:59:37 #3 store] 
Configuration path: ?

[2018-01-18 12:59:37 #4 type] 
Type lolemon.persistencia.modelo.Movimiento is not enhanced.

[2018-01-18 12:59:37 #5 type] 
Type lolemon.persistencia.modelo.Habilidad is not enhanced.

[2018-01-18 12:59:37 #6 type] 
Type lolemon.persistencia.modelo.Personaje is not enhanced.

[2018-01-18 12:59:37 #7 type] 
Type lolemon.persistencia.modelo.Usuario is not enhanced.

------------------------------------------------------------------------------------------------------------------------

[2018-01-18 12:59:56 #1 store] 
Database 'D:\desarrollo\workspaces\lolemon\LolemonPersistencia\src\res\db\lolemon.odb' is opened by 7284@DESKTOP-G2MVH2V

[2018-01-18 12:59:56 #2 store] 
Configuration path: ?

[2018-01-18 12:59:56 #3 type] 
Type lolemon.persistencia.modelo.Movimiento is not enhanced.

[2018-01-18 12:59:56 #4 type] 
Type lolemon.persistencia.modelo.Habilidad is not enhanced.

[2018-01-18 12:59:56 #5 type] 
Type lolemon.persistencia.modelo.Personaje is not enhanced.

[2018-01-18 12:59:56 #6 type] 
Type lolemon.persistencia.modelo.Usuario is not enhanced.

------------------------------------------------------------------------------------------------------------------------

[2018-01-18 13:00:55 #1 store] 
Database 'D:\desarrollo\workspaces\lolemon\LolemonPersistencia\src\res\db\lolemon.odb' is opened by 10476@DESKTOP-G2MVH2V

[2018-01-18 13:00:55 #2 store] 
Configuration path: ?

[2018-01-18 13:00:55 #3 type] 
Type lolemon.persistencia.modelo.Movimiento is not enhanced.

[2018-01-18 13:00:55 #4 type] 
Type lolemon.persistencia.modelo.Habilidad is not enhanced.

[2018-01-18 13:00:55 #5 type] 
Type lolemon.persistencia.modelo.Personaje is not enhanced.

[2018-01-18 13:00:55 #6 type] 
Type lolemon.persistencia.modelo.Usuario is not enhanced.

------------------------------------------------------------------------------------------------------------------------

[2018-01-18 13:01:04 #1 store] 
Database 'D:\desarrollo\workspaces\lolemon\LolemonPersistencia\src\res\db\lolemon.odb' is opened by 3444@DESKTOP-G2MVH2V

[2018-01-18 13:01:04 #2 store] 
Configuration path: ?

[2018-01-18 13:01:04 #3 type] 
Type lolemon.persistencia.modelo.Movimiento is not enhanced.

[2018-01-18 13:01:04 #4 type] 
Type lolemon.persistencia.modelo.Habilidad is not enhanced.

[2018-01-18 13:01:04 #5 type] 
Type lolemon.persistencia.modelo.Personaje is not enhanced.

[2018-01-18 13:01:04 #6 type] 
Type lolemon.persistencia.modelo.Usuario is not enhanced.

------------------------------------------------------------------------------------------------------------------------

[2018-01-18 13:01:13 #1 store] 
Database 'D:\desarrollo\workspaces\lolemon\LolemonPersistencia\src\res\db\lolemon.odb' is opened by 10376@DESKTOP-G2MVH2V

[2018-01-18 13:01:13 #2 store] 
Configuration path: ?

[2018-01-18 13:01:13 #3 type] 
Type lolemon.persistencia.modelo.Movimiento is not enhanced.

[2018-01-18 13:01:13 #4 type] 
Type lolemon.persistencia.modelo.Habilidad is not enhanced.

[2018-01-18 13:01:13 #5 type] 
Type lolemon.persistencia.modelo.Personaje is not enhanced.

[2018-01-18 13:01:13 #6 type] 
Type lolemon.persistencia.modelo.Usuario is not enhanced.

------------------------------------------------------------------------------------------------------------------------

[2018-01-18 13:01:38 #1 store] 
Database 'D:\desarrollo\workspaces\lolemon\LolemonPersistencia\src\res\db\lolemon.odb' is opened by 10368@DESKTOP-G2MVH2V

[2018-01-18 13:01:38 #2 store] 
Configuration path: ?

[2018-01-18 13:01:38 #3 type] 
Type lolemon.persistencia.modelo.Movimiento is not enhanced.

[2018-01-18 13:01:38 #4 type] 
Type lolemon.persistencia.modelo.Habilidad is not enhanced.

[2018-01-18 13:01:38 #5 type] 
Type lolemon.persistencia.modelo.Personaje is not enhanced.

[2018-01-18 13:01:38 #6 type] 
Type lolemon.persistencia.modelo.Usuario is not enhanced.

------------------------------------------------------------------------------------------------------------------------

[2018-01-18 13:02:56 #1 store] 
Database 'D:\desarrollo\workspaces\lolemon\LolemonPersistencia\src\res\db\lolemon.odb' is opened by 8216@DESKTOP-G2MVH2V

[2018-01-18 13:02:56 #2 store] 
Configuration path: ?

[2018-01-18 13:02:57 #3 type] 
Type lolemon.persistencia.modelo.Movimiento is not enhanced.

[2018-01-18 13:02:57 #4 type] 
Type lolemon.persistencia.modelo.Habilidad is not enhanced.

[2018-01-18 13:02:57 #5 type] 
Type lolemon.persistencia.modelo.Personaje is not enhanced.

[2018-01-18 13:02:57 #6 type] 
Type lolemon.persistencia.modelo.Usuario is not enhanced.

------------------------------------------------------------------------------------------------------------------------

[2018-01-18 13:03:45 #1 store] 
Database 'D:\desarrollo\workspaces\lolemon\LolemonPersistencia\src\res\db\lolemon.odb' is opened by 3708@DESKTOP-G2MVH2V

[2018-01-18 13:03:45 #2 store] 
Configuration path: ?

[2018-01-18 13:03:45 #3 type] 
Type lolemon.persistencia.modelo.Movimiento is not enhanced.

[2018-01-18 13:03:45 #4 type] 
Type lolemon.persistencia.modelo.Habilidad is not enhanced.

[2018-01-18 13:03:45 #5 type] 
Type lolemon.persistencia.modelo.Personaje is not enhanced.

[2018-01-18 13:03:45 #6 type] 
Type lolemon.persistencia.modelo.Usuario is not enhanced.

------------------------------------------------------------------------------------------------------------------------

[2018-01-18 13:04:19 #1 store] 
Database 'D:\desarrollo\workspaces\lolemon\LolemonPersistencia\src\res\db\lolemon.odb' is opened by 9524@DESKTOP-G2MVH2V

[2018-01-18 13:04:19 #2 store] 
Configuration path: ?

[2018-01-18 13:04:19 #3 type] 
Type lolemon.persistencia.modelo.Movimiento is not enhanced.

[2018-01-18 13:04:19 #4 type] 
Type lolemon.persistencia.modelo.Habilidad is not enhanced.

[2018-01-18 13:04:19 #5 type] 
Type lolemon.persistencia.modelo.Personaje is not enhanced.

[2018-01-18 13:04:19 #6 type] 
Type lolemon.persistencia.modelo.Usuario is not enhanced.

------------------------------------------------------------------------------------------------------------------------

[2018-01-18 13:05:19 #1 store] 
Database 'D:\desarrollo\workspaces\lolemon\LolemonPersistencia\src\res\db\lolemon.odb' is opened by 5204@DESKTOP-G2MVH2V

[2018-01-18 13:05:19 #2 store] 
Configuration path: ?

[2018-01-18 13:05:19 #3 type] 
Type lolemon.persistencia.modelo.Movimiento is not enhanced.

[2018-01-18 13:05:19 #4 type] 
Type lolemon.persistencia.modelo.Habilidad is not enhanced.

[2018-01-18 13:05:19 #5 type] 
Type lolemon.persistencia.modelo.Personaje is not enhanced.

[2018-01-18 13:05:19 #6 type] 
Type lolemon.persistencia.modelo.Usuario is not enhanced.

------------------------------------------------------------------------------------------------------------------------

[2018-01-18 13:07:06 #1 store] 
Database 'D:\desarrollo\workspaces\lolemon\LolemonPersistencia\src\res\db\lolemon.odb' is opened by 7060@DESKTOP-G2MVH2V

[2018-01-18 13:07:06 #2 store] 
Configuration path: ?

[2018-01-18 13:07:06 #3 type] 
Type lolemon.persistencia.modelo.Movimiento is not enhanced.

[2018-01-18 13:07:06 #4 type] 
Type lolemon.persistencia.modelo.Habilidad is not enhanced.

[2018-01-18 13:07:06 #5 type] 
Type lolemon.persistencia.modelo.Personaje is not enhanced.

[2018-01-18 13:07:06 #6 type] 
Type lolemon.persistencia.modelo.Usuario is not enhanced.

------------------------------------------------------------------------------------------------------------------------

[2018-01-18 13:07:31 #1 store] 
Database 'D:\desarrollo\workspaces\lolemon\LolemonPersistencia\src\res\db\lolemon.odb' is opened by 5760@DESKTOP-G2MVH2V

[2018-01-18 13:07:31 #2 store] 
Configuration path: ?

[2018-01-18 13:07:31 #3 type] 
Type lolemon.persistencia.modelo.Movimiento is not enhanced.

[2018-01-18 13:07:31 #4 type] 
Type lolemon.persistencia.modelo.Habilidad is not enhanced.

[2018-01-18 13:07:31 #5 type] 
Type lolemon.persistencia.modelo.Personaje is not enhanced.

[2018-01-18 13:07:31 #6 type] 
Type lolemon.persistencia.modelo.Usuario is not enhanced.

------------------------------------------------------------------------------------------------------------------------

[2018-01-18 13:07:47 #1 store] 
Database 'D:\desarrollo\workspaces\lolemon\LolemonPersistencia\src\res\db\lolemon.odb' is opened by 2196@DESKTOP-G2MVH2V

[2018-01-18 13:07:47 #2 store] 
Configuration path: ?

[2018-01-18 13:07:47 #3 type] 
Type lolemon.persistencia.modelo.Movimiento is not enhanced.

[2018-01-18 13:07:47 #4 type] 
Type lolemon.persistencia.modelo.Habilidad is not enhanced.

[2018-01-18 13:07:47 #5 type] 
Type lolemon.persistencia.modelo.Personaje is not enhanced.

[2018-01-18 13:07:47 #6 type] 
Type lolemon.persistencia.modelo.Usuario is not enhanced.

------------------------------------------------------------------------------------------------------------------------

[2018-01-18 13:08:08 #1 store] 
Database 'D:\desarrollo\workspaces\lolemon\LolemonPersistencia\src\res\db\lolemon.odb' is opened by 8768@DESKTOP-G2MVH2V

[2018-01-18 13:08:08 #2 store] 
Configuration path: ?

[2018-01-18 13:08:08 #3 type] 
Type lolemon.persistencia.modelo.Movimiento is not enhanced.

[2018-01-18 13:08:08 #4 type] 
Type lolemon.persistencia.modelo.Habilidad is not enhanced.

[2018-01-18 13:08:08 #5 type] 
Type lolemon.persistencia.modelo.Personaje is not enhanced.

[2018-01-18 13:08:08 #6 type] 
Type lolemon.persistencia.modelo.Usuario is not enhanced.

------------------------------------------------------------------------------------------------------------------------

[2018-01-18 13:08:36 #1 store] 
Database 'D:\desarrollo\workspaces\lolemon\LolemonPersistencia\src\res\db\lolemon.odb' is opened by 11076@DESKTOP-G2MVH2V

[2018-01-18 13:08:36 #2 store] 
Configuration path: ?

[2018-01-18 13:08:36 #3 type] 
Type lolemon.persistencia.modelo.Movimiento is not enhanced.

[2018-01-18 13:08:36 #4 type] 
Type lolemon.persistencia.modelo.Habilidad is not enhanced.

[2018-01-18 13:08:36 #5 type] 
Type lolemon.persistencia.modelo.Personaje is not enhanced.

[2018-01-18 13:08:36 #6 type] 
Type lolemon.persistencia.modelo.Usuario is not enhanced.

------------------------------------------------------------------------------------------------------------------------

[2018-01-18 13:08:45 #1 store] 
Database 'D:\desarrollo\workspaces\lolemon\LolemonPersistencia\src\res\db\lolemon.odb' is opened by 3096@DESKTOP-G2MVH2V

[2018-01-18 13:08:45 #2 store] 
Configuration path: ?

[2018-01-18 13:08:45 #3 type] 
Type lolemon.persistencia.modelo.Movimiento is not enhanced.

[2018-01-18 13:08:45 #4 type] 
Type lolemon.persistencia.modelo.Habilidad is not enhanced.

[2018-01-18 13:08:45 #5 type] 
Type lolemon.persistencia.modelo.Personaje is not enhanced.

[2018-01-18 13:08:45 #6 type] 
Type lolemon.persistencia.modelo.Usuario is not enhanced.

------------------------------------------------------------------------------------------------------------------------

[2018-01-18 13:08:54 #1 store] 
Database 'D:\desarrollo\workspaces\lolemon\LolemonPersistencia\src\res\db\lolemon.odb' is opened by 11584@DESKTOP-G2MVH2V

[2018-01-18 13:08:54 #2 store] 
Configuration path: ?

[2018-01-18 13:08:54 #3 type] 
Type lolemon.persistencia.modelo.Movimiento is not enhanced.

[2018-01-18 13:08:54 #4 type] 
Type lolemon.persistencia.modelo.Habilidad is not enhanced.

[2018-01-18 13:08:54 #5 type] 
Type lolemon.persistencia.modelo.Personaje is not enhanced.

[2018-01-18 13:08:54 #6 type] 
Type lolemon.persistencia.modelo.Usuario is not enhanced.

------------------------------------------------------------------------------------------------------------------------

[2018-01-18 13:09:03 #1 store] 
Database 'D:\desarrollo\workspaces\lolemon\LolemonPersistencia\src\res\db\lolemon.odb' is opened by 8108@DESKTOP-G2MVH2V

[2018-01-18 13:09:03 #2 store] 
Configuration path: ?

[2018-01-18 13:09:04 #3 type] 
Type lolemon.persistencia.modelo.Movimiento is not enhanced.

[2018-01-18 13:09:04 #4 type] 
Type lolemon.persistencia.modelo.Habilidad is not enhanced.

[2018-01-18 13:09:04 #5 type] 
Type lolemon.persistencia.modelo.Personaje is not enhanced.

[2018-01-18 13:09:04 #6 type] 
Type lolemon.persistencia.modelo.Usuario is not enhanced.

------------------------------------------------------------------------------------------------------------------------

[2018-01-18 13:09:32 #1 store] 
Database 'D:\desarrollo\workspaces\lolemon\LolemonPersistencia\src\res\db\lolemon.odb' is opened by 9280@DESKTOP-G2MVH2V

[2018-01-18 13:09:32 #2 store] 
Configuration path: ?

[2018-01-18 13:09:32 #3 type] 
Type lolemon.persistencia.modelo.Movimiento is not enhanced.

[2018-01-18 13:09:32 #4 type] 
Type lolemon.persistencia.modelo.Habilidad is not enhanced.

[2018-01-18 13:09:32 #5 type] 
Type lolemon.persistencia.modelo.Personaje is not enhanced.

[2018-01-18 13:09:32 #6 type] 
Type lolemon.persistencia.modelo.Usuario is not enhanced.

------------------------------------------------------------------------------------------------------------------------

[2018-01-18 13:10:11 #1 store] 
Database 'D:\desarrollo\workspaces\lolemon\LolemonPersistencia\src\res\db\lolemon.odb' is opened by 7872@DESKTOP-G2MVH2V

[2018-01-18 13:10:11 #2 store] 
Configuration path: ?

[2018-01-18 13:10:11 #3 type] 
Type lolemon.persistencia.modelo.Movimiento is not enhanced.

[2018-01-18 13:10:11 #4 type] 
Type lolemon.persistencia.modelo.Habilidad is not enhanced.

[2018-01-18 13:10:11 #5 type] 
Type lolemon.persistencia.modelo.Personaje is not enhanced.

[2018-01-18 13:10:11 #6 type] 
Type lolemon.persistencia.modelo.Usuario is not enhanced.

------------------------------------------------------------------------------------------------------------------------

[2018-01-18 13:10:26 #1 store] 
Database 'D:\desarrollo\workspaces\lolemon\LolemonPersistencia\src\res\db\lolemon.odb' is opened by 11504@DESKTOP-G2MVH2V

[2018-01-18 13:10:26 #2 store] 
Configuration path: ?

[2018-01-18 13:10:27 #3 type] 
Type lolemon.persistencia.modelo.Movimiento is not enhanced.

[2018-01-18 13:10:27 #4 type] 
Type lolemon.persistencia.modelo.Habilidad is not enhanced.

[2018-01-18 13:10:27 #5 type] 
Type lolemon.persistencia.modelo.Personaje is not enhanced.

[2018-01-18 13:10:27 #6 type] 
Type lolemon.persistencia.modelo.Usuario is not enhanced.

------------------------------------------------------------------------------------------------------------------------

[2018-01-18 13:10:38 #1 store] 
Database 'D:\desarrollo\workspaces\lolemon\LolemonPersistencia\src\res\db\lolemon.odb' is opened by 12664@DESKTOP-G2MVH2V

[2018-01-18 13:10:38 #2 store] 
Configuration path: ?

[2018-01-18 13:10:38 #3 type] 
Type lolemon.persistencia.modelo.Movimiento is not enhanced.

[2018-01-18 13:10:38 #4 type] 
Type lolemon.persistencia.modelo.Habilidad is not enhanced.

[2018-01-18 13:10:38 #5 type] 
Type lolemon.persistencia.modelo.Personaje is not enhanced.

[2018-01-18 13:10:38 #6 type] 
Type lolemon.persistencia.modelo.Usuario is not enhanced.

------------------------------------------------------------------------------------------------------------------------

[2018-01-18 13:10:54 #1 store] 
Database 'D:\desarrollo\workspaces\lolemon\LolemonPersistencia\src\res\db\lolemon.odb' is opened by 5824@DESKTOP-G2MVH2V

[2018-01-18 13:10:54 #2 store] 
Configuration path: ?

[2018-01-18 13:10:54 #3 type] 
Type lolemon.persistencia.modelo.Movimiento is not enhanced.

[2018-01-18 13:10:54 #4 type] 
Type lolemon.persistencia.modelo.Habilidad is not enhanced.

[2018-01-18 13:10:54 #5 type] 
Type lolemon.persistencia.modelo.Personaje is not enhanced.

[2018-01-18 13:10:54 #6 type] 
Type lolemon.persistencia.modelo.Usuario is not enhanced.

------------------------------------------------------------------------------------------------------------------------

[2018-01-18 13:11:39 #1 store] 
Database 'D:\desarrollo\workspaces\lolemon\LolemonPersistencia\src\res\db\lolemon.odb' is opened by 5804@DESKTOP-G2MVH2V

[2018-01-18 13:11:39 #2 store] 
Configuration path: ?

[2018-01-18 13:11:39 #3 type] 
Type lolemon.persistencia.modelo.Movimiento is not enhanced.

[2018-01-18 13:11:39 #4 type] 
Type lolemon.persistencia.modelo.Habilidad is not enhanced.

[2018-01-18 13:11:39 #5 type] 
Type lolemon.persistencia.modelo.Personaje is not enhanced.

[2018-01-18 13:11:39 #6 type] 
Type lolemon.persistencia.modelo.Usuario is not enhanced.

------------------------------------------------------------------------------------------------------------------------

[2018-01-18 13:11:55 #1 store] 
Database 'D:\desarrollo\workspaces\lolemon\LolemonPersistencia\src\res\db\lolemon.odb' is opened by 5108@DESKTOP-G2MVH2V

[2018-01-18 13:11:55 #2 store] 
Configuration path: ?

[2018-01-18 13:11:55 #3 type] 
Type lolemon.persistencia.modelo.Movimiento is not enhanced.

[2018-01-18 13:11:55 #4 type] 
Type lolemon.persistencia.modelo.Habilidad is not enhanced.

[2018-01-18 13:11:55 #5 type] 
Type lolemon.persistencia.modelo.Personaje is not enhanced.

[2018-01-18 13:11:55 #6 type] 
Type lolemon.persistencia.modelo.Usuario is not enhanced.

------------------------------------------------------------------------------------------------------------------------

[2018-01-18 13:12:51 #1 store] 
Database 'D:\desarrollo\workspaces\lolemon\LolemonPersistencia\src\res\db\lolemon.odb' is opened by 6340@DESKTOP-G2MVH2V

[2018-01-18 13:12:51 #2 store] 
Configuration path: ?

[2018-01-18 13:12:51 #3 type] 
Type lolemon.persistencia.modelo.Movimiento is not enhanced.

[2018-01-18 13:12:51 #4 type] 
Type lolemon.persistencia.modelo.Habilidad is not enhanced.

[2018-01-18 13:12:51 #5 type] 
Type lolemon.persistencia.modelo.Personaje is not enhanced.

[2018-01-18 13:12:51 #6 type] 
Type lolemon.persistencia.modelo.Usuario is not enhanced.

------------------------------------------------------------------------------------------------------------------------

[2018-01-18 13:13:16 #1 store] 
Database 'D:\desarrollo\workspaces\lolemon\LolemonPersistencia\src\res\db\lolemon.odb' is opened by 6312@DESKTOP-G2MVH2V

[2018-01-18 13:13:16 #2 store] 
Configuration path: ?

[2018-01-18 13:13:17 #3 type] 
Type lolemon.persistencia.modelo.Movimiento is not enhanced.

[2018-01-18 13:13:17 #4 type] 
Type lolemon.persistencia.modelo.Habilidad is not enhanced.

[2018-01-18 13:13:17 #5 type] 
Type lolemon.persistencia.modelo.Personaje is not enhanced.

[2018-01-18 13:13:17 #6 type] 
Type lolemon.persistencia.modelo.Usuario is not enhanced.

------------------------------------------------------------------------------------------------------------------------

[2018-01-18 13:14:07 #1 store] 
Database 'D:\desarrollo\workspaces\lolemon\LolemonPersistencia\src\res\db\lolemon.odb' is opened by 8200@DESKTOP-G2MVH2V

[2018-01-18 13:14:07 #2 store] 
Configuration path: ?

[2018-01-18 13:14:08 #3 type] 
Type lolemon.persistencia.modelo.Movimiento is not enhanced.

[2018-01-18 13:14:08 #4 type] 
Type lolemon.persistencia.modelo.Habilidad is not enhanced.

[2018-01-18 13:14:08 #5 type] 
Type lolemon.persistencia.modelo.Personaje is not enhanced.

[2018-01-18 13:14:08 #6 type] 
Type lolemon.persistencia.modelo.Usuario is not enhanced.

------------------------------------------------------------------------------------------------------------------------

[2018-01-18 13:14:31 #1 store] 
Database 'D:\desarrollo\workspaces\lolemon\LolemonPersistencia\src\res\db\lolemon.odb' is opened by 3532@DESKTOP-G2MVH2V

[2018-01-18 13:14:31 #2 store] 
Configuration path: ?

[2018-01-18 13:14:31 #3 type] 
Type lolemon.persistencia.modelo.Movimiento is not enhanced.

[2018-01-18 13:14:31 #4 type] 
Type lolemon.persistencia.modelo.Habilidad is not enhanced.

[2018-01-18 13:14:31 #5 type] 
Type lolemon.persistencia.modelo.Personaje is not enhanced.

[2018-01-18 13:14:31 #6 type] 
Type lolemon.persistencia.modelo.Usuario is not enhanced.

------------------------------------------------------------------------------------------------------------------------

[2018-01-18 13:16:45 #1 store] 
Database 'D:\desarrollo\workspaces\lolemon\LolemonPersistencia\src\res\db\lolemon.odb' is opened by 13184@DESKTOP-G2MVH2V

[2018-01-18 13:16:45 #2 store] 
Configuration path: ?

[2018-01-18 13:16:45 #3 type] 
Type lolemon.persistencia.modelo.Movimiento is not enhanced.

[2018-01-18 13:16:45 #4 type] 
Type lolemon.persistencia.modelo.Habilidad is not enhanced.

[2018-01-18 13:16:45 #5 type] 
Type lolemon.persistencia.modelo.Personaje is not enhanced.

[2018-01-18 13:16:45 #6 type] 
Type lolemon.persistencia.modelo.Usuario is not enhanced.

------------------------------------------------------------------------------------------------------------------------

[2018-01-18 13:19:16 #1 store] 
Database 'D:\desarrollo\workspaces\lolemon\LolemonPersistencia\src\res\db\lolemon.odb' is opened by 12536@DESKTOP-G2MVH2V

[2018-01-18 13:19:16 #2 store] 
Configuration path: ?

[2018-01-18 13:19:16 #3 type] 
Type lolemon.persistencia.modelo.Movimiento is not enhanced.

[2018-01-18 13:19:16 #4 type] 
Type lolemon.persistencia.modelo.Habilidad is not enhanced.

[2018-01-18 13:19:16 #5 type] 
Type lolemon.persistencia.modelo.Personaje is not enhanced.

[2018-01-18 13:19:16 #6 type] 
Type lolemon.persistencia.modelo.Usuario is not enhanced.

------------------------------------------------------------------------------------------------------------------------

[2018-01-18 13:19:23 #1 store] 
Database 'D:\desarrollo\workspaces\lolemon\LolemonPersistencia\src\res\db\lolemon.odb' is opened by 6084@DESKTOP-G2MVH2V

[2018-01-18 13:19:23 #2 store] 
Configuration path: ?

[2018-01-18 13:19:23 #3 type] 
Type lolemon.persistencia.modelo.Movimiento is not enhanced.

[2018-01-18 13:19:23 #4 type] 
Type lolemon.persistencia.modelo.Habilidad is not enhanced.

[2018-01-18 13:19:23 #5 type] 
Type lolemon.persistencia.modelo.Personaje is not enhanced.

[2018-01-18 13:19:23 #6 type] 
Type lolemon.persistencia.modelo.Usuario is not enhanced.

------------------------------------------------------------------------------------------------------------------------

[2018-01-18 13:19:36 #1 store] 
Database 'D:\desarrollo\workspaces\lolemon\LolemonPersistencia\src\res\db\lolemon.odb' is opened by 7708@DESKTOP-G2MVH2V

[2018-01-18 13:19:36 #2 store] 
Configuration path: ?

[2018-01-18 13:19:36 #3 type] 
Type lolemon.persistencia.modelo.Movimiento is not enhanced.

[2018-01-18 13:19:36 #4 type] 
Type lolemon.persistencia.modelo.Habilidad is not enhanced.

[2018-01-18 13:19:36 #5 type] 
Type lolemon.persistencia.modelo.Personaje is not enhanced.

[2018-01-18 13:19:36 #6 type] 
Type lolemon.persistencia.modelo.Usuario is not enhanced.

------------------------------------------------------------------------------------------------------------------------

[2018-01-18 13:23:04 #1 store] 
Database 'D:\desarrollo\workspaces\lolemon\LolemonPersistencia\src\res\db\lolemon.odb' is opened by 6828@DESKTOP-G2MVH2V

[2018-01-18 13:23:04 #2 store] 
Configuration path: ?

[2018-01-18 13:23:04 #3 type] 
Type lolemon.persistencia.modelo.Movimiento is not enhanced.

[2018-01-18 13:23:04 #4 type] 
Type lolemon.persistencia.modelo.Habilidad is not enhanced.

[2018-01-18 13:23:04 #5 type] 
Type lolemon.persistencia.modelo.Personaje is not enhanced.

[2018-01-18 13:23:04 #6 type] 
Type lolemon.persistencia.modelo.Usuario is not enhanced.

